Using pre-set license
Built from '2020.3/staging' branch; Version is '2020.3.9f1 (108be757e447) revision 1084391'; Using compiler version '192528614'; Build Type 'Release'
OS: 'Windows 10 Education; OS build 19042.1288; Version 2009; 64bit' Language: 'en' Physical Memory: 16322 MB
BatchMode: 1, IsHumanControllingUs: 0, StartBugReporterOnCrash: 0, Is64bit: 1, IsPro: 0

 COMMAND LINE ARGUMENTS:
C:\Program Files\Unity2020.3.9f1\Editor\Unity.exe
-adb2
-batchMode
-noUpm
-name
AssetImportWorker0
-projectPath
C:/Users/5hughj54/Downloads/WORK PLS/Sanguine Y1S1CUP454
-logFile
Logs/AssetImportWorker0.log
-srvPort
56536
Successfully changed project path to: C:/Users/5hughj54/Downloads/WORK PLS/Sanguine Y1S1CUP454
C:/Users/5hughj54/Downloads/WORK PLS/Sanguine Y1S1CUP454
Using Asset Import Pipeline V2.
Refreshing native plugins compatible for Editor in 128.94 ms, found 2 plugins.
Preloading 0 native plugins for Editor in 0.00 ms.
Initialize engine version: 2020.3.9f1 (108be757e447)
[Subsystems] Discovering subsystems at path C:/Program Files/Unity2020.3.9f1/Editor/Data/Resources/UnitySubsystems
[Subsystems] Discovering subsystems at path C:/Users/5hughj54/Downloads/WORK PLS/Sanguine Y1S1CUP454/Assets
GfxDevice: creating device client; threaded=0
Direct3D:
    Version:  Direct3D 11.0 [level 11.1]
    Renderer: NVIDIA GeForce GTX 960 (ID=0x1401)
    Vendor:   
    VRAM:     4053 MB
    Driver:   30.0.14.7212
Initialize mono
Mono path[0] = 'C:/Program Files/Unity2020.3.9f1/Editor/Data/Managed'
Mono path[1] = 'C:/Program Files/Unity2020.3.9f1/Editor/Data/MonoBleedingEdge/lib/mono/unityjit'
Mono config path = 'C:/Program Files/Unity2020.3.9f1/Editor/Data/MonoBleedingEdge/etc'
Using monoOptions --debugger-agent=transport=dt_socket,embedding=1,server=y,suspend=n,address=127.0.0.1:56644
Begin MonoManager ReloadAssembly
Registering precompiled unity dll's ...
Register platform support module: C:/Program Files/Unity2020.3.9f1/Editor/Data/PlaybackEngines/WebGLSupport/UnityEditor.WebGL.Extensions.dll
Register platform support module: C:/Program Files/Unity2020.3.9f1/Editor/Data/PlaybackEngines/WindowsStandaloneSupport/UnityEditor.WindowsStandalone.Extensions.dll
Registered in 0.003549 seconds.
Native extension for WindowsStandalone target not found
Native extension for WebGL target not found
Refreshing native plugins compatible for Editor in 129.23 ms, found 2 plugins.
Preloading 0 native plugins for Editor in 0.00 ms.
Mono: successfully reloaded assembly
- Completed reload, in  1.346 seconds
Platform modules already initialized, skipping
Registering precompiled user dll's ...
Registered in 0.007417 seconds.
Begin MonoManager ReloadAssembly
Native extension for WindowsStandalone target not found
Native extension for WebGL target not found
Refreshing native plugins compatible for Editor in 1.11 ms, found 2 plugins.
Preloading 0 native plugins for Editor in 0.00 ms.
Mono: successfully reloaded assembly
- Completed reload, in  1.503 seconds
Platform modules already initialized, skipping
========================================================================
Worker process is ready to serve import requests
Launched and connected shader compiler UnityShaderCompiler.exe after 0.05 seconds
Refreshing native plugins compatible for Editor in 1.51 ms, found 2 plugins.
Preloading 0 native plugins for Editor in 0.00 ms.
Unloading 4027 Unused Serialized files (Serialized files now loaded: 0)
System memory in use before: 161.0 MB.
System memory in use after: 161.2 MB.

Unloading 32 unused Assets to reduce memory usage. Loaded Objects now: 4458.
Total: 3.395500 ms (FindLiveObjects: 0.361900 ms CreateObjectMapping: 0.233700 ms MarkObjects: 2.683100 ms  DeleteObjects: 0.116000 ms)

========================================================================
Received Import Request.
  path: Assets/2DGamekit
  artifactKey: Guid(a63acd63c0288fa45b514d5beab5f8de) Importer(815301076,1909f56bfc062723c751e8b465ee728b)
Start importing Assets/2DGamekit using Guid(a63acd63c0288fa45b514d5beab5f8de) Importer(815301076,1909f56bfc062723c751e8b465ee728b)  -> (artifact id: '2ccc75ee14a02e462885f9043b6c7fac') in 0.013345 seconds
  Import took 0.019782 seconds .

========================================================================
Received Import Request.
  Time since last request: 0.000345 seconds.
  path: Assets/2DGamekit/Scenes/Start.unity
  artifactKey: Guid(57df1e417250bc247976c2c0dc088efe) Importer(815301076,1909f56bfc062723c751e8b465ee728b)
Start importing Assets/2DGamekit/Scenes/Start.unity using Guid(57df1e417250bc247976c2c0dc088efe) Importer(815301076,1909f56bfc062723c751e8b465ee728b)  -> (artifact id: 'a69d1a1dbb5ee394d1fa3014e2d41548') in 0.015839 seconds
  Import took 0.023253 seconds .

========================================================================
Received Import Request.
  Time since last request: 0.000239 seconds.
  path: Assets/2DGamekit/Scenes
  artifactKey: Guid(2592c7313e4536046898c207f0576ff8) Importer(815301076,1909f56bfc062723c751e8b465ee728b)
Start importing Assets/2DGamekit/Scenes using Guid(2592c7313e4536046898c207f0576ff8) Importer(815301076,1909f56bfc062723c751e8b465ee728b)  -> (artifact id: '8e2eecc31083bfd374c026fef1cc9888') in 0.009868 seconds
  Import took 0.018079 seconds .

========================================================================
Received Import Request.
  Time since last request: 0.000213 seconds.
  path: Assets/2DGamekit/Readme.asset
  artifactKey: Guid(83c2ed844a8c74b779a4c823d16594b1) Importer(815301076,1909f56bfc062723c751e8b465ee728b)
Start importing Assets/2DGamekit/Readme.asset using Guid(83c2ed844a8c74b779a4c823d16594b1) Importer(815301076,1909f56bfc062723c751e8b465ee728b)  -> (artifact id: 'd6c7e89498f213c04f7580f79f64ffae') in 0.028369 seconds
  Import took 0.035970 seconds .

========================================================================
Received Import Request.
  Time since last request: 24.614656 seconds.
  path: Assets/2DGamekit/Scenes/Zone1.unity
  artifactKey: Guid(a94cb8f134bf81349ad016c79b629e3d) Importer(815301076,1909f56bfc062723c751e8b465ee728b)
Start importing Assets/2DGamekit/Scenes/Zone1.unity using Guid(a94cb8f134bf81349ad016c79b629e3d) Importer(815301076,1909f56bfc062723c751e8b465ee728b)  -> (artifact id: '7e8d875f82726615edba8df2322e2207') in 0.008735 seconds
  Import took 0.015675 seconds .

========================================================================
Received Import Request.
  Time since last request: 0.000351 seconds.
  path: Assets/2DGamekit/Scenes/Zone1.unity
  artifactKey: Guid(a94cb8f134bf81349ad016c79b629e3d) Importer(815301076,1909f56bfc062723c751e8b465ee728b)
Start importing Assets/2DGamekit/Scenes/Zone1.unity using Guid(a94cb8f134bf81349ad016c79b629e3d) Importer(815301076,1909f56bfc062723c751e8b465ee728b)  -> (artifact id: '7e8d875f82726615edba8df2322e2207') in 0.003287 seconds
  Import took 0.010720 seconds .

========================================================================
Received Prepare
Registering precompiled user dll's ...
Registered in 0.006322 seconds.
Begin MonoManager ReloadAssembly
Native extension for WindowsStandalone target not found
Native extension for WebGL target not found
Refreshing native plugins compatible for Editor in 1.01 ms, found 2 plugins.
Preloading 0 native plugins for Editor in 0.00 ms.
Mono: successfully reloaded assembly
- Completed reload, in  1.205 seconds
Platform modules already initialized, skipping
Refreshing native plugins compatible for Editor in 1.71 ms, found 2 plugins.
Preloading 0 native plugins for Editor in 0.00 ms.
Unloading 3968 Unused Serialized files (Serialized files now loaded: 0)
System memory in use before: 155.8 MB.
System memory in use after: 156.0 MB.

Unloading 21 unused Assets to reduce memory usage. Loaded Objects now: 4460.
Total: 3.111200 ms (FindLiveObjects: 0.389300 ms CreateObjectMapping: 0.184100 ms MarkObjects: 2.494900 ms  DeleteObjects: 0.042100 ms)

========================================================================
Received Import Request.
  Time since last request: 19.828320 seconds.
  path: Assets/2DGamekit/Scenes/New SceneTemplate.scenetemplate
  artifactKey: Guid(2fe2b8d189955fe42be35e06605430b6) Importer(815301076,1909f56bfc062723c751e8b465ee728b)
Start importing Assets/2DGamekit/Scenes/New SceneTemplate.scenetemplate using Guid(2fe2b8d189955fe42be35e06605430b6) Importer(815301076,1909f56bfc062723c751e8b465ee728b)  -> (artifact id: 'cde5dfd80994a8103de6be41fb4ecd01') in 0.028653 seconds
  Import took 0.034848 seconds .

========================================================================
Received Import Request.
  Time since last request: 0.003210 seconds.
  path: Assets/2DGamekit/Scenes/New SceneTemplate.scenetemplate
  artifactKey: Guid(2fe2b8d189955fe42be35e06605430b6) Importer(815301076,1909f56bfc062723c751e8b465ee728b)
Start importing Assets/2DGamekit/Scenes/New SceneTemplate.scenetemplate using Guid(2fe2b8d189955fe42be35e06605430b6) Importer(815301076,1909f56bfc062723c751e8b465ee728b)  -> (artifact id: 'cde5dfd80994a8103de6be41fb4ecd01') in 0.003667 seconds
  Import took 0.010210 seconds .

========================================================================
Received Import Request.
  Time since last request: 25.232181 seconds.
  path: Assets/2DGamekit/Scenes/Level.unity
  artifactKey: Guid(e6f3122b1f14c3c4f9469d0b4dc08e1a) Importer(815301076,1909f56bfc062723c751e8b465ee728b)
Start importing Assets/2DGamekit/Scenes/Level.unity using Guid(e6f3122b1f14c3c4f9469d0b4dc08e1a) Importer(815301076,1909f56bfc062723c751e8b465ee728b)  -> (artifact id: '396d5c1fd98b8791260b7afd9c43d280') in 0.009390 seconds
  Import took 0.017185 seconds .

========================================================================
Received Prepare
Registering precompiled user dll's ...
Registered in 0.010009 seconds.
Begin MonoManager ReloadAssembly
Native extension for WindowsStandalone target not found
Native extension for WebGL target not found
Refreshing native plugins compatible for Editor in 2.04 ms, found 2 plugins.
Preloading 0 native plugins for Editor in 0.00 ms.
Mono: successfully reloaded assembly
- Completed reload, in  1.602 seconds
Platform modules already initialized, skipping
Refreshing native plugins compatible for Editor in 1.51 ms, found 2 plugins.
Preloading 0 native plugins for Editor in 0.00 ms.
Unloading 3968 Unused Serialized files (Serialized files now loaded: 0)
System memory in use before: 155.9 MB.
System memory in use after: 156.1 MB.

Unloading 21 unused Assets to reduce memory usage. Loaded Objects now: 4462.
Total: 3.921900 ms (FindLiveObjects: 0.532000 ms CreateObjectMapping: 0.411600 ms MarkObjects: 2.928800 ms  DeleteObjects: 0.048500 ms)

========================================================================
Received Prepare
Registering precompiled user dll's ...
Registered in 0.019787 seconds.
Begin MonoManager ReloadAssembly
Native extension for WindowsStandalone target not found
Native extension for WebGL target not found
Refreshing native plugins compatible for Editor in 1.65 ms, found 2 plugins.
Preloading 0 native plugins for Editor in 0.00 ms.
Mono: successfully reloaded assembly
- Completed reload, in  2.601 seconds
Platform modules already initialized, skipping
Refreshing native plugins compatible for Editor in 1.66 ms, found 2 plugins.
Preloading 0 native plugins for Editor in 0.00 ms.
Unloading 3968 Unused Serialized files (Serialized files now loaded: 0)
System memory in use before: 155.9 MB.
System memory in use after: 156.2 MB.

Unloading 21 unused Assets to reduce memory usage. Loaded Objects now: 4464.
Total: 4.930200 ms (FindLiveObjects: 0.504800 ms CreateObjectMapping: 0.424900 ms MarkObjects: 3.957200 ms  DeleteObjects: 0.041400 ms)

========================================================================
Received Prepare
Registering precompiled user dll's ...
Registered in 0.010150 seconds.
Begin MonoManager ReloadAssembly
Native extension for WindowsStandalone target not found
Native extension for WebGL target not found
Refreshing native plugins compatible for Editor in 1.26 ms, found 2 plugins.
Preloading 0 native plugins for Editor in 0.00 ms.
Mono: successfully reloaded assembly
- Completed reload, in  1.157 seconds
Platform modules already initialized, skipping
Refreshing native plugins compatible for Editor in 1.05 ms, found 2 plugins.
Preloading 0 native plugins for Editor in 0.00 ms.
Unloading 3968 Unused Serialized files (Serialized files now loaded: 0)
System memory in use before: 155.9 MB.
System memory in use after: 156.2 MB.

Unloading 21 unused Assets to reduce memory usage. Loaded Objects now: 4466.
Total: 3.252300 ms (FindLiveObjects: 0.340800 ms CreateObjectMapping: 0.153100 ms MarkObjects: 2.699800 ms  DeleteObjects: 0.057700 ms)

========================================================================
Received Prepare
Registering precompiled user dll's ...
Registered in 0.010256 seconds.
Begin MonoManager ReloadAssembly
Native extension for WindowsStandalone target not found
Native extension for WebGL target not found
Refreshing native plugins compatible for Editor in 1.11 ms, found 2 plugins.
Preloading 0 native plugins for Editor in 0.00 ms.
Mono: successfully reloaded assembly
- Completed reload, in  1.191 seconds
Platform modules already initialized, skipping
Refreshing native plugins compatible for Editor in 0.92 ms, found 2 plugins.
Preloading 0 native plugins for Editor in 0.00 ms.
Unloading 3968 Unused Serialized files (Serialized files now loaded: 0)
System memory in use before: 156.0 MB.
System memory in use after: 156.2 MB.

Unloading 21 unused Assets to reduce memory usage. Loaded Objects now: 4468.
Total: 3.197200 ms (FindLiveObjects: 0.355000 ms CreateObjectMapping: 0.182300 ms MarkObjects: 2.600600 ms  DeleteObjects: 0.058400 ms)

========================================================================
Received Prepare
Registering precompiled user dll's ...
Registered in 0.010503 seconds.
Begin MonoManager ReloadAssembly
Native extension for WindowsStandalone target not found
Native extension for WebGL target not found
Refreshing native plugins compatible for Editor in 1.00 ms, found 2 plugins.
Preloading 0 native plugins for Editor in 0.00 ms.
Mono: successfully reloaded assembly
- Completed reload, in  1.576 seconds
Platform modules already initialized, skipping
Refreshing native plugins compatible for Editor in 1.61 ms, found 2 plugins.
Preloading 0 native plugins for Editor in 0.00 ms.
Unloading 3968 Unused Serialized files (Serialized files now loaded: 0)
System memory in use before: 156.0 MB.
System memory in use after: 156.2 MB.

Unloading 21 unused Assets to reduce memory usage. Loaded Objects now: 4470.
Total: 3.719400 ms (FindLiveObjects: 0.372900 ms CreateObjectMapping: 0.386800 ms MarkObjects: 2.851400 ms  DeleteObjects: 0.106300 ms)

========================================================================
Received Prepare
Registering precompiled user dll's ...
Registered in 0.009940 seconds.
Begin MonoManager ReloadAssembly
Native extension for WindowsStandalone target not found
Native extension for WebGL target not found
Refreshing native plugins compatible for Editor in 2.06 ms, found 2 plugins.
Preloading 0 native plugins for Editor in 0.00 ms.
Mono: successfully reloaded assembly
- Completed reload, in  1.574 seconds
Platform modules already initialized, skipping
Refreshing native plugins compatible for Editor in 1.88 ms, found 2 plugins.
Preloading 0 native plugins for Editor in 0.00 ms.
Unloading 3968 Unused Serialized files (Serialized files now loaded: 0)
System memory in use before: 156.0 MB.
System memory in use after: 156.2 MB.

Unloading 21 unused Assets to reduce memory usage. Loaded Objects now: 4472.
Total: 5.268700 ms (FindLiveObjects: 0.906800 ms CreateObjectMapping: 0.778000 ms MarkObjects: 3.546100 ms  DeleteObjects: 0.036200 ms)

========================================================================
Received Prepare
Registering precompiled user dll's ...
Registered in 0.008094 seconds.
Begin MonoManager ReloadAssembly
Native extension for WindowsStandalone target not found
Native extension for WebGL target not found
Refreshing native plugins compatible for Editor in 2.19 ms, found 2 plugins.
Preloading 0 native plugins for Editor in 0.00 ms.
Mono: successfully reloaded assembly
- Completed reload, in  1.240 seconds
Platform modules already initialized, skipping
Refreshing native plugins compatible for Editor in 1.02 ms, found 2 plugins.
Preloading 0 native plugins for Editor in 0.00 ms.
Unloading 3968 Unused Serialized files (Serialized files now loaded: 0)
System memory in use before: 156.0 MB.
System memory in use after: 156.2 MB.

Unloading 21 unused Assets to reduce memory usage. Loaded Objects now: 4474.
Total: 3.517700 ms (FindLiveObjects: 0.447600 ms CreateObjectMapping: 0.312300 ms MarkObjects: 2.731100 ms  DeleteObjects: 0.025700 ms)

========================================================================
Received Prepare
Registering precompiled user dll's ...
Registered in 0.010997 seconds.
Begin MonoManager ReloadAssembly
Native extension for WindowsStandalone target not found
Native extension for WebGL target not found
Refreshing native plugins compatible for Editor in 1.12 ms, found 2 plugins.
Preloading 0 native plugins for Editor in 0.00 ms.
Mono: successfully reloaded assembly
- Completed reload, in  1.684 seconds
Platform modules already initialized, skipping
Refreshing native plugins compatible for Editor in 1.06 ms, found 2 plugins.
Preloading 0 native plugins for Editor in 0.00 ms.
Unloading 3968 Unused Serialized files (Serialized files now loaded: 0)
System memory in use before: 156.0 MB.
System memory in use after: 156.2 MB.

Unloading 21 unused Assets to reduce memory usage. Loaded Objects now: 4476.
Total: 5.286100 ms (FindLiveObjects: 0.811400 ms CreateObjectMapping: 0.546100 ms MarkObjects: 3.875600 ms  DeleteObjects: 0.051500 ms)

========================================================================
Received Prepare
Registering precompiled user dll's ...
Registered in 0.013430 seconds.
Begin MonoManager ReloadAssembly
Native extension for WindowsStandalone target not found
Native extension for WebGL target not found
Refreshing native plugins compatible for Editor in 1.87 ms, found 2 plugins.
Preloading 0 native plugins for Editor in 0.00 ms.
Mono: successfully reloaded assembly
- Completed reload, in  1.552 seconds
Platform modules already initialized, skipping
Refreshing native plugins compatible for Editor in 0.90 ms, found 2 plugins.
Preloading 0 native plugins for Editor in 0.00 ms.
Unloading 3968 Unused Serialized files (Serialized files now loaded: 0)
System memory in use before: 156.0 MB.
System memory in use after: 156.2 MB.

Unloading 21 unused Assets to reduce memory usage. Loaded Objects now: 4478.
Total: 2.868000 ms (FindLiveObjects: 0.425000 ms CreateObjectMapping: 0.246700 ms MarkObjects: 2.155900 ms  DeleteObjects: 0.039600 ms)

========================================================================
Received Prepare
Registering precompiled user dll's ...
Registered in 0.006887 seconds.
Begin MonoManager ReloadAssembly
Native extension for WindowsStandalone target not found
Native extension for WebGL target not found
Refreshing native plugins compatible for Editor in 1.12 ms, found 2 plugins.
Preloading 0 native plugins for Editor in 0.00 ms.
Mono: successfully reloaded assembly
- Completed reload, in  1.238 seconds
Platform modules already initialized, skipping
Refreshing native plugins compatible for Editor in 1.02 ms, found 2 plugins.
Preloading 0 native plugins for Editor in 0.00 ms.
Unloading 3968 Unused Serialized files (Serialized files now loaded: 0)
System memory in use before: 156.0 MB.
System memory in use after: 156.3 MB.

Unloading 21 unused Assets to reduce memory usage. Loaded Objects now: 4480.
Total: 2.859900 ms (FindLiveObjects: 0.427500 ms CreateObjectMapping: 0.200100 ms MarkObjects: 2.180300 ms  DeleteObjects: 0.050900 ms)

========================================================================
Received Prepare
Registering precompiled user dll's ...
Registered in 0.011547 seconds.
Begin MonoManager ReloadAssembly
Native extension for WindowsStandalone target not found
Native extension for WebGL target not found
Refreshing native plugins compatible for Editor in 1.95 ms, found 2 plugins.
Preloading 0 native plugins for Editor in 0.00 ms.
Mono: successfully reloaded assembly
- Completed reload, in  1.404 seconds
Platform modules already initialized, skipping
Refreshing native plugins compatible for Editor in 1.14 ms, found 2 plugins.
Preloading 0 native plugins for Editor in 0.00 ms.
Unloading 3968 Unused Serialized files (Serialized files now loaded: 0)
System memory in use before: 156.0 MB.
System memory in use after: 156.3 MB.

Unloading 21 unused Assets to reduce memory usage. Loaded Objects now: 4482.
Total: 3.547200 ms (FindLiveObjects: 0.330900 ms CreateObjectMapping: 0.296000 ms MarkObjects: 2.893900 ms  DeleteObjects: 0.025500 ms)

========================================================================
Received Prepare
Registering precompiled user dll's ...
Registered in 0.006857 seconds.
Begin MonoManager ReloadAssembly
Native extension for WindowsStandalone target not found
Native extension for WebGL target not found
Refreshing native plugins compatible for Editor in 1.08 ms, found 2 plugins.
Preloading 0 native plugins for Editor in 0.00 ms.
Mono: successfully reloaded assembly
- Completed reload, in  1.126 seconds
Platform modules already initialized, skipping
Refreshing native plugins compatible for Editor in 0.91 ms, found 2 plugins.
Preloading 0 native plugins for Editor in 0.00 ms.
Unloading 3968 Unused Serialized files (Serialized files now loaded: 0)
System memory in use before: 156.0 MB.
System memory in use after: 156.3 MB.

Unloading 21 unused Assets to reduce memory usage. Loaded Objects now: 4484.
Total: 3.213300 ms (FindLiveObjects: 0.409400 ms CreateObjectMapping: 0.219400 ms MarkObjects: 2.521900 ms  DeleteObjects: 0.061200 ms)

